<?xml version="1.0" encoding="UTF-8"?>
<!-- Generated by org.testng.reporters.JUnitReportReporter -->
<testsuite hostname="DESKTOP-UAO1U67" failures="0" tests="1" name="Tests.LoginPageTest" time="1.863" errors="0" timestamp="2022-11-16T15:32:54 IST" skipped="0">
  <testcase classname="Tests.LoginPageTest" name="LogintestExecution" time="1.863"/>
  <system-out/>
</testsuite> <!-- Tests.LoginPageTest -->
