<?xml version="1.0" encoding="UTF-8"?>
<!-- Generated by org.testng.reporters.JUnitReportReporter -->
<testsuite hostname="DESKTOP-UAO1U67" failures="0" tests="1" name="Tests.RegisterPageTest" time="2.353" errors="0" timestamp="2022-11-16T14:58:35 IST" skipped="0">
  <testcase classname="Tests.RegisterPageTest" name="registertestExecution" time="2.353"/>
  <system-out/>
</testsuite> <!-- Tests.RegisterPageTest -->
