<?xml version="1.0" encoding="UTF-8"?>
<!-- Generated by org.testng.reporters.JUnitReportReporter -->
<testsuite hostname="DESKTOP-UAO1U67" failures="0" tests="1" name="Tests.RegisterPageTest" time="3.818" errors="0" timestamp="2022-11-17T11:59:10 IST" skipped="0">
  <testcase classname="Tests.RegisterPageTest" name="registertestExecution" time="3.818"/>
  <system-out>
    <![CDATA[Clicking on Register Link
Clicking on radio button
Entered FirstName in FirstName Textfield
Entered LastName in LastName Textfield
Entered Email in Email Textfield
Entered Password in password Textfield
Entered confirmPassword in confirmPassword Textfield
Clicking on Register button]]>
  </system-out>
</testsuite> <!-- Tests.RegisterPageTest -->
