<?xml version="1.0" encoding="UTF-8"?>
<!-- Generated by org.testng.reporters.JUnitReportReporter -->
<testsuite hostname="DESKTOP-UAO1U67" failures="0" tests="1" name="Tests.LoginPageTest" time="2.965" errors="0" timestamp="2022-11-17T10:13:21 IST" skipped="0">
  <testcase classname="Tests.LoginPageTest" name="LogintestExecution" time="2.965"/>
  <system-out/>
</testsuite> <!-- Tests.LoginPageTest -->
